The variable publication is not set in  on line 
The variable name is not set in  on line  /////1459270063 = 2016-03-29 12:47:43
The variable name is not set in  on line  /////1459270079 = 2016-03-29 12:47:59
The variable name is not set in  on line  /////1459270127 = 2016-03-29 12:48:47
The variable name is not set in  on line  /////1459270150 = 2016-03-29 12:49:10
The variable name is not set in  on line  /////1459270210 = 2016-03-29 12:50:10
The variable name is not set in  on line  /////1459270226 = 2016-03-29 12:50:26
The variable name is not set in  on line  /////1459270226 = 2016-03-29 12:50:26
The variable name is not set in  on line  /////1459270268 = 2016-03-29 12:51:08
The variable name is not set in  on line  /////1459270268 = 2016-03-29 12:51:08
 /////1459272380 = 2016-03-29 13:26:20
 /////1459272430 = 2016-03-29 13:27:10
The variable a is not set in  on line  /////1459275284 = 2016-03-29 14:14:44
The variable a is not set in /home/cabox/workspace/root/index.php on line 7 /////1459275371 = 2016-03-29 14:16:11
 /////1459886756 = 2016-04-05 16:05:56
Loogged in with username but no role! /////1460051517 = 2016-04-07 13:51:57
Loogged in with username but no role! /////1460051517 = 2016-04-07 13:51:57
Loogged in with username but no role! /////1460051573 = 2016-04-07 13:52:53
Loogged in with username but no role! /////1460051574 = 2016-04-07 13:52:54
Loogged in with username but no role! /////1460051574 = 2016-04-07 13:52:54
Loogged in with username but no role! /////1460051585 = 2016-04-07 13:53:05
Loogged in with username but no role! /////1460051586 = 2016-04-07 13:53:06
Loogged in with username but no role! /////1460051586 = 2016-04-07 13:53:06
Loogged in with username but no role! /////1460051587 = 2016-04-07 13:53:07
Loogged in with username but no role! /////1460051598 = 2016-04-07 13:53:18
Loogged in with username but no role! /////1460051599 = 2016-04-07 13:53:19
Loogged in with username but no role! /////1460051796 = 2016-04-07 13:56:36
