About to execute: SELECT * FROM ArticleCategory /////1460734607 = 2016-04-15 11:36:47
Executed successfully, rows: 2 /////1460734607 = 2016-04-15 11:36:47
About to execute: SELECT role FROM Users, PrivilegeRole WHERE Users.roleId = PrivilegeRole.roleId AND Users.username = 'root' /////1460734607 = 2016-04-15 11:36:47
Executed successfully, rows: 1 /////1460734607 = 2016-04-15 11:36:47
About to execute: SELECT articleId, title, summary, content, publicationDate FROM Articles WHERE category = '3' /////1460734608 = 2016-04-15 11:36:48
Executed successfully, rows: 4 /////1460734608 = 2016-04-15 11:36:48
About to execute: SELECT role FROM Users, PrivilegeRole WHERE Users.roleId = PrivilegeRole.roleId AND Users.username = 'root' /////1460734608 = 2016-04-15 11:36:48
Executed successfully, rows: 1 /////1460734608 = 2016-04-15 11:36:48
About to execute: SELECT * FROM Articles WHERE articleId = '7' /////1460734613 = 2016-04-15 11:36:53
Executed successfully, rows: 1 /////1460734613 = 2016-04-15 11:36:53
About to execute: SELECT role FROM Users, PrivilegeRole WHERE Users.roleId = PrivilegeRole.roleId AND Users.username = 'root' /////1460734613 = 2016-04-15 11:36:53
Executed successfully, rows: 1 /////1460734613 = 2016-04-15 11:36:53
About to execute: SELECT articleId, title, summary, content, publicationDate FROM Articles WHERE category = '3' /////1460734615 = 2016-04-15 11:36:55
Executed successfully, rows: 4 /////1460734615 = 2016-04-15 11:36:55
About to execute: SELECT role FROM Users, PrivilegeRole WHERE Users.roleId = PrivilegeRole.roleId AND Users.username = 'root' /////1460734615 = 2016-04-15 11:36:55
Executed successfully, rows: 1 /////1460734615 = 2016-04-15 11:36:55
About to execute: SELECT * FROM Articles WHERE articleId = '9' /////1460734617 = 2016-04-15 11:36:57
Executed successfully, rows: 1 /////1460734617 = 2016-04-15 11:36:57
About to execute: SELECT role FROM Users, PrivilegeRole WHERE Users.roleId = PrivilegeRole.roleId AND Users.username = 'root' /////1460734617 = 2016-04-15 11:36:57
Executed successfully, rows: 1 /////1460734617 = 2016-04-15 11:36:57
About to execute: SELECT articleId, title, summary, content, publicationDate FROM Articles WHERE category = '3' /////1460734622 = 2016-04-15 11:37:02
Executed successfully, rows: 4 /////1460734622 = 2016-04-15 11:37:02
About to execute: SELECT role FROM Users, PrivilegeRole WHERE Users.roleId = PrivilegeRole.roleId AND Users.username = 'root' /////1460734622 = 2016-04-15 11:37:02
Executed successfully, rows: 1 /////1460734622 = 2016-04-15 11:37:02
About to execute: SELECT * FROM Articles WHERE articleId = '6' /////1460734623 = 2016-04-15 11:37:03
Executed successfully, rows: 1 /////1460734623 = 2016-04-15 11:37:03
About to execute: SELECT role FROM Users, PrivilegeRole WHERE Users.roleId = PrivilegeRole.roleId AND Users.username = 'root' /////1460734623 = 2016-04-15 11:37:03
Executed successfully, rows: 1 /////1460734623 = 2016-04-15 11:37:03
About to execute: SELECT articleId, title, summary, content, publicationDate FROM Articles WHERE category = '3' /////1460734625 = 2016-04-15 11:37:05
Executed successfully, rows: 4 /////1460734625 = 2016-04-15 11:37:05
About to execute: SELECT role FROM Users, PrivilegeRole WHERE Users.roleId = PrivilegeRole.roleId AND Users.username = 'root' /////1460734625 = 2016-04-15 11:37:05
Executed successfully, rows: 1 /////1460734625 = 2016-04-15 11:37:05
About to execute: SELECT * FROM Articles WHERE articleId = '7' /////1460734626 = 2016-04-15 11:37:06
Executed successfully, rows: 1 /////1460734626 = 2016-04-15 11:37:06
About to execute: SELECT role FROM Users, PrivilegeRole WHERE Users.roleId = PrivilegeRole.roleId AND Users.username = 'root' /////1460734626 = 2016-04-15 11:37:06
Executed successfully, rows: 1 /////1460734626 = 2016-04-15 11:37:06
About to execute: SELECT articleId, title, summary, content, publicationDate FROM Articles WHERE category = '3' /////1460734627 = 2016-04-15 11:37:07
Executed successfully, rows: 4 /////1460734627 = 2016-04-15 11:37:07
About to execute: SELECT role FROM Users, PrivilegeRole WHERE Users.roleId = PrivilegeRole.roleId AND Users.username = 'root' /////1460734627 = 2016-04-15 11:37:07
Executed successfully, rows: 1 /////1460734627 = 2016-04-15 11:37:07
About to execute: SELECT * FROM Articles WHERE articleId = '9' /////1460734628 = 2016-04-15 11:37:08
Executed successfully, rows: 1 /////1460734628 = 2016-04-15 11:37:08
About to execute: SELECT role FROM Users, PrivilegeRole WHERE Users.roleId = PrivilegeRole.roleId AND Users.username = 'root' /////1460734628 = 2016-04-15 11:37:08
Executed successfully, rows: 1 /////1460734628 = 2016-04-15 11:37:08
About to execute: SELECT * FROM Articles WHERE articleId = '9' /////1460734636 = 2016-04-15 11:37:16
Executed successfully, rows: 1 /////1460734636 = 2016-04-15 11:37:16
About to execute: SELECT role FROM Users, PrivilegeRole WHERE Users.roleId = PrivilegeRole.roleId AND Users.username = 'root' /////1460734636 = 2016-04-15 11:37:16
Executed successfully, rows: 1 /////1460734636 = 2016-04-15 11:37:16
About to execute: SELECT * FROM ArticleCategory /////1460734672 = 2016-04-15 11:37:52
Executed successfully, rows: 2 /////1460734672 = 2016-04-15 11:37:52
About to execute: SELECT role FROM Users, PrivilegeRole WHERE Users.roleId = PrivilegeRole.roleId AND Users.username = 'root' /////1460734672 = 2016-04-15 11:37:52
Executed successfully, rows: 1 /////1460734672 = 2016-04-15 11:37:52
About to execute: SELECT articleId, title, summary, content, publicationDate FROM Articles WHERE category = '3' /////1460734673 = 2016-04-15 11:37:53
Executed successfully, rows: 4 /////1460734673 = 2016-04-15 11:37:53
About to execute: SELECT role FROM Users, PrivilegeRole WHERE Users.roleId = PrivilegeRole.roleId AND Users.username = 'root' /////1460734673 = 2016-04-15 11:37:53
Executed successfully, rows: 1 /////1460734673 = 2016-04-15 11:37:53
About to execute: SELECT * FROM Articles WHERE articleId = '7' /////1460734674 = 2016-04-15 11:37:54
Executed successfully, rows: 1 /////1460734674 = 2016-04-15 11:37:54
About to execute: SELECT role FROM Users, PrivilegeRole WHERE Users.roleId = PrivilegeRole.roleId AND Users.username = 'root' /////1460734674 = 2016-04-15 11:37:54
Executed successfully, rows: 1 /////1460734674 = 2016-04-15 11:37:54
About to execute: SELECT articleId, title, summary, content, publicationDate FROM Articles WHERE category = '3' /////1460734676 = 2016-04-15 11:37:56
Executed successfully, rows: 4 /////1460734676 = 2016-04-15 11:37:56
About to execute: SELECT role FROM Users, PrivilegeRole WHERE Users.roleId = PrivilegeRole.roleId AND Users.username = 'root' /////1460734676 = 2016-04-15 11:37:56
Executed successfully, rows: 1 /////1460734676 = 2016-04-15 11:37:56
About to execute: SELECT * FROM Articles WHERE articleId = '8' /////1460734677 = 2016-04-15 11:37:57
Executed successfully, rows: 1 /////1460734677 = 2016-04-15 11:37:57
About to execute: SELECT role FROM Users, PrivilegeRole WHERE Users.roleId = PrivilegeRole.roleId AND Users.username = 'root' /////1460734677 = 2016-04-15 11:37:57
Executed successfully, rows: 1 /////1460734677 = 2016-04-15 11:37:57
About to execute: SELECT articleId, title, summary, content, publicationDate FROM Articles WHERE category = '3' /////1460734679 = 2016-04-15 11:37:59
Executed successfully, rows: 4 /////1460734679 = 2016-04-15 11:37:59
About to execute: SELECT role FROM Users, PrivilegeRole WHERE Users.roleId = PrivilegeRole.roleId AND Users.username = 'root' /////1460734679 = 2016-04-15 11:37:59
Executed successfully, rows: 1 /////1460734679 = 2016-04-15 11:37:59
About to execute: SELECT * FROM Articles WHERE articleId = '8' /////1460734683 = 2016-04-15 11:38:03
Executed successfully, rows: 1 /////1460734683 = 2016-04-15 11:38:03
About to execute: SELECT role FROM Users, PrivilegeRole WHERE Users.roleId = PrivilegeRole.roleId AND Users.username = 'root' /////1460734683 = 2016-04-15 11:38:03
Executed successfully, rows: 1 /////1460734683 = 2016-04-15 11:38:03
About to execute: SELECT * FROM ArticleCategory /////1460734686 = 2016-04-15 11:38:06
Executed successfully, rows: 2 /////1460734686 = 2016-04-15 11:38:06
About to execute: SELECT role FROM Users, PrivilegeRole WHERE Users.roleId = PrivilegeRole.roleId AND Users.username = 'root' /////1460734686 = 2016-04-15 11:38:06
Executed successfully, rows: 1 /////1460734686 = 2016-04-15 11:38:06
About to execute: SELECT articleId, title, summary, content, publicationDate FROM Articles WHERE category = '3' /////1460734687 = 2016-04-15 11:38:07
Executed successfully, rows: 4 /////1460734687 = 2016-04-15 11:38:07
About to execute: SELECT role FROM Users, PrivilegeRole WHERE Users.roleId = PrivilegeRole.roleId AND Users.username = 'root' /////1460734687 = 2016-04-15 11:38:07
Executed successfully, rows: 1 /////1460734687 = 2016-04-15 11:38:07
About to execute: SELECT * FROM ArticleCategory /////1460734692 = 2016-04-15 11:38:12
Executed successfully, rows: 2 /////1460734692 = 2016-04-15 11:38:12
About to execute: SELECT * FROM Articles WHERE articleId = '8' /////1460734692 = 2016-04-15 11:38:12
Executed successfully, rows: 1 /////1460734692 = 2016-04-15 11:38:12
About to execute: SELECT role FROM Users, PrivilegeRole WHERE Users.roleId = PrivilegeRole.roleId AND Users.username = 'root' /////1460734692 = 2016-04-15 11:38:12
Executed successfully, rows: 1 /////1460734692 = 2016-04-15 11:38:12
About to execute: SELECT articleId, title, summary, content, publicationDate FROM Articles WHERE category = '3' /////1460734697 = 2016-04-15 11:38:17
Executed successfully, rows: 4 /////1460734697 = 2016-04-15 11:38:17
About to execute: SELECT role FROM Users, PrivilegeRole WHERE Users.roleId = PrivilegeRole.roleId AND Users.username = 'root' /////1460734697 = 2016-04-15 11:38:17
Executed successfully, rows: 1 /////1460734697 = 2016-04-15 11:38:17
About to execute: SELECT * FROM ArticleCategory /////1460734699 = 2016-04-15 11:38:19
Executed successfully, rows: 2 /////1460734699 = 2016-04-15 11:38:19
About to execute: SELECT * FROM Articles WHERE articleId = '6' /////1460734699 = 2016-04-15 11:38:19
Executed successfully, rows: 1 /////1460734699 = 2016-04-15 11:38:19
About to execute: SELECT role FROM Users, PrivilegeRole WHERE Users.roleId = PrivilegeRole.roleId AND Users.username = 'root' /////1460734699 = 2016-04-15 11:38:19
Executed successfully, rows: 1 /////1460734699 = 2016-04-15 11:38:19
About to execute: SELECT articleId, title, summary, content, publicationDate FROM Articles WHERE category = '3' /////1460734702 = 2016-04-15 11:38:22
Executed successfully, rows: 4 /////1460734702 = 2016-04-15 11:38:22
About to execute: SELECT role FROM Users, PrivilegeRole WHERE Users.roleId = PrivilegeRole.roleId AND Users.username = 'root' /////1460734702 = 2016-04-15 11:38:22
Executed successfully, rows: 1 /////1460734702 = 2016-04-15 11:38:22
About to execute: SELECT * FROM Articles WHERE articleId = '8' /////1460734729 = 2016-04-15 11:38:49
Executed successfully, rows: 1 /////1460734729 = 2016-04-15 11:38:49
About to execute: SELECT role FROM Users, PrivilegeRole WHERE Users.roleId = PrivilegeRole.roleId AND Users.username = 'root' /////1460734729 = 2016-04-15 11:38:49
Executed successfully, rows: 1 /////1460734729 = 2016-04-15 11:38:49
About to execute: SELECT articleId, title, summary, content, publicationDate FROM Articles WHERE category = '3' /////1460734730 = 2016-04-15 11:38:50
Executed successfully, rows: 4 /////1460734730 = 2016-04-15 11:38:50
About to execute: SELECT role FROM Users, PrivilegeRole WHERE Users.roleId = PrivilegeRole.roleId AND Users.username = 'root' /////1460734730 = 2016-04-15 11:38:50
Executed successfully, rows: 1 /////1460734730 = 2016-04-15 11:38:50
About to execute: SELECT * FROM Articles WHERE articleId = '7' /////1460734731 = 2016-04-15 11:38:51
Executed successfully, rows: 1 /////1460734731 = 2016-04-15 11:38:51
About to execute: SELECT role FROM Users, PrivilegeRole WHERE Users.roleId = PrivilegeRole.roleId AND Users.username = 'root' /////1460734731 = 2016-04-15 11:38:51
Executed successfully, rows: 1 /////1460734731 = 2016-04-15 11:38:51
About to execute: SELECT * FROM Articles WHERE articleId = '7' /////1460734739 = 2016-04-15 11:38:59
Executed successfully, rows: 1 /////1460734739 = 2016-04-15 11:38:59
About to execute: SELECT role FROM Users, PrivilegeRole WHERE Users.roleId = PrivilegeRole.roleId AND Users.username = 'root' /////1460734739 = 2016-04-15 11:38:59
Executed successfully, rows: 1 /////1460734739 = 2016-04-15 11:38:59
About to execute: SELECT role FROM Users, PrivilegeRole WHERE Users.roleId = PrivilegeRole.roleId AND Users.username = 'root' /////1460734765 = 2016-04-15 11:39:25
Executed successfully, rows: 1 /////1460734765 = 2016-04-15 11:39:25
About to execute: SELECT * FROM ArticleCategory /////1460734856 = 2016-04-15 11:40:56
Executed successfully, rows: 2 /////1460734856 = 2016-04-15 11:40:56
About to execute: SELECT role FROM Users, PrivilegeRole WHERE Users.roleId = PrivilegeRole.roleId AND Users.username = 'root' /////1460734856 = 2016-04-15 11:40:56
Executed successfully, rows: 1 /////1460734856 = 2016-04-15 11:40:56
About to execute: SELECT articleId, title, summary, content, publicationDate FROM Articles WHERE category = '2' /////1460734857 = 2016-04-15 11:40:57
Executed successfully, rows: 0 /////1460734857 = 2016-04-15 11:40:57
About to execute: SELECT role FROM Users, PrivilegeRole WHERE Users.roleId = PrivilegeRole.roleId AND Users.username = 'root' /////1460734857 = 2016-04-15 11:40:57
Executed successfully, rows: 1 /////1460734857 = 2016-04-15 11:40:57
About to execute: SELECT * FROM ArticleCategory /////1460734858 = 2016-04-15 11:40:58
Executed successfully, rows: 2 /////1460734858 = 2016-04-15 11:40:58
About to execute: SELECT role FROM Users, PrivilegeRole WHERE Users.roleId = PrivilegeRole.roleId AND Users.username = 'root' /////1460734858 = 2016-04-15 11:40:58
Executed successfully, rows: 1 /////1460734858 = 2016-04-15 11:40:58
About to execute: SELECT articleId, title, summary, content, publicationDate FROM Articles WHERE category = '3' /////1460734859 = 2016-04-15 11:40:59
Executed successfully, rows: 4 /////1460734859 = 2016-04-15 11:40:59
About to execute: SELECT role FROM Users, PrivilegeRole WHERE Users.roleId = PrivilegeRole.roleId AND Users.username = 'root' /////1460734859 = 2016-04-15 11:40:59
Executed successfully, rows: 1 /////1460734859 = 2016-04-15 11:40:59
About to execute: SELECT * FROM ArticleCategory /////1460734861 = 2016-04-15 11:41:01
Executed successfully, rows: 2 /////1460734861 = 2016-04-15 11:41:01
About to execute: SELECT * FROM Articles WHERE articleId = '7' /////1460734861 = 2016-04-15 11:41:01
Executed successfully, rows: 1 /////1460734861 = 2016-04-15 11:41:01
About to execute: SELECT role FROM Users, PrivilegeRole WHERE Users.roleId = PrivilegeRole.roleId AND Users.username = 'root' /////1460734861 = 2016-04-15 11:41:01
Executed successfully, rows: 1 /////1460734861 = 2016-04-15 11:41:01
About to execute: SELECT * FROM ArticleCategory /////1460734882 = 2016-04-15 11:41:22
Executed successfully, rows: 2 /////1460734882 = 2016-04-15 11:41:22
About to execute: SELECT * FROM Articles WHERE articleId = '7' /////1460734882 = 2016-04-15 11:41:22
Executed successfully, rows: 1 /////1460734882 = 2016-04-15 11:41:22
About to execute: SELECT role FROM Users, PrivilegeRole WHERE Users.roleId = PrivilegeRole.roleId AND Users.username = 'root' /////1460734882 = 2016-04-15 11:41:22
Executed successfully, rows: 1 /////1460734882 = 2016-04-15 11:41:22
About to execute: SELECT * FROM ArticleCategory /////1460734945 = 2016-04-15 11:42:25
Executed successfully, rows: 2 /////1460734945 = 2016-04-15 11:42:25
About to execute: SELECT * FROM Articles WHERE articleId = '7' /////1460734945 = 2016-04-15 11:42:25
Executed successfully, rows: 1 /////1460734945 = 2016-04-15 11:42:25
About to execute: SELECT role FROM Users, PrivilegeRole WHERE Users.roleId = PrivilegeRole.roleId AND Users.username = 'root' /////1460734945 = 2016-04-15 11:42:25
Executed successfully, rows: 1 /////1460734945 = 2016-04-15 11:42:25
About to execute: SELECT * FROM ArticleCategory /////1460734946 = 2016-04-15 11:42:26
Executed successfully, rows: 2 /////1460734946 = 2016-04-15 11:42:26
About to execute: SELECT * FROM Articles WHERE articleId = '7' /////1460734946 = 2016-04-15 11:42:26
Executed successfully, rows: 1 /////1460734946 = 2016-04-15 11:42:26
About to execute: SELECT role FROM Users, PrivilegeRole WHERE Users.roleId = PrivilegeRole.roleId AND Users.username = 'root' /////1460734946 = 2016-04-15 11:42:26
Executed successfully, rows: 1 /////1460734946 = 2016-04-15 11:42:26
About to execute: SELECT role FROM Users, PrivilegeRole WHERE Users.roleId = PrivilegeRole.roleId AND Users.username = 'root' /////1460736059 = 2016-04-15 12:00:59
Executed successfully, rows: 1 /////1460736059 = 2016-04-15 12:00:59
About to execute: SELECT role FROM Users, PrivilegeRole WHERE Users.roleId = PrivilegeRole.roleId AND Users.username = 'root' /////1460736082 = 2016-04-15 12:01:22
Executed successfully, rows: 1 /////1460736082 = 2016-04-15 12:01:22
About to execute: SELECT role FROM Users, PrivilegeRole WHERE Users.roleId = PrivilegeRole.roleId AND Users.username = 'root' /////1460736099 = 2016-04-15 12:01:39
Executed successfully, rows: 1 /////1460736099 = 2016-04-15 12:01:39
About to execute: SELECT role FROM Users, PrivilegeRole WHERE Users.roleId = PrivilegeRole.roleId AND Users.username = 'root' /////1460736145 = 2016-04-15 12:02:25
Executed successfully, rows: 1 /////1460736145 = 2016-04-15 12:02:25
About to execute: SELECT role FROM Users, PrivilegeRole WHERE Users.roleId = PrivilegeRole.roleId AND Users.username = 'root' /////1460736160 = 2016-04-15 12:02:40
Executed successfully, rows: 1 /////1460736160 = 2016-04-15 12:02:40
About to execute: SELECT role FROM Users, PrivilegeRole WHERE Users.roleId = PrivilegeRole.roleId AND Users.username = 'root' /////1460736182 = 2016-04-15 12:03:02
Executed successfully, rows: 1 /////1460736182 = 2016-04-15 12:03:02
About to execute: SELECT role FROM Users, PrivilegeRole WHERE Users.roleId = PrivilegeRole.roleId AND Users.username = 'root' /////1460736213 = 2016-04-15 12:03:33
Executed successfully, rows: 1 /////1460736213 = 2016-04-15 12:03:33
About to execute: SELECT role FROM Users, PrivilegeRole WHERE Users.roleId = PrivilegeRole.roleId AND Users.username = 'root' /////1460736259 = 2016-04-15 12:04:19
Executed successfully, rows: 1 /////1460736259 = 2016-04-15 12:04:19
About to execute: SELECT role FROM Users, PrivilegeRole WHERE Users.roleId = PrivilegeRole.roleId AND Users.username = 'root' /////1460736260 = 2016-04-15 12:04:20
Executed successfully, rows: 1 /////1460736260 = 2016-04-15 12:04:20
About to execute: SELECT role FROM Users, PrivilegeRole WHERE Users.roleId = PrivilegeRole.roleId AND Users.username = 'root' /////1460736261 = 2016-04-15 12:04:21
Executed successfully, rows: 1 /////1460736261 = 2016-04-15 12:04:21
About to execute: SELECT * FROM ArticleCategory /////1460736262 = 2016-04-15 12:04:22
Executed successfully, rows: 2 /////1460736262 = 2016-04-15 12:04:22
About to execute: SELECT role FROM Users, PrivilegeRole WHERE Users.roleId = PrivilegeRole.roleId AND Users.username = 'root' /////1460736262 = 2016-04-15 12:04:22
Executed successfully, rows: 1 /////1460736262 = 2016-04-15 12:04:22
About to execute: SELECT articleId, title, summary, content, publicationDate FROM Articles WHERE category = '3' /////1460736263 = 2016-04-15 12:04:23
Executed successfully, rows: 4 /////1460736263 = 2016-04-15 12:04:23
About to execute: SELECT role FROM Users, PrivilegeRole WHERE Users.roleId = PrivilegeRole.roleId AND Users.username = 'root' /////1460736263 = 2016-04-15 12:04:23
Executed successfully, rows: 1 /////1460736263 = 2016-04-15 12:04:23
About to execute: SELECT * FROM Articles WHERE articleId = '8' /////1460736270 = 2016-04-15 12:04:30
Executed successfully, rows: 1 /////1460736270 = 2016-04-15 12:04:30
About to execute: SELECT role FROM Users, PrivilegeRole WHERE Users.roleId = PrivilegeRole.roleId AND Users.username = 'root' /////1460736270 = 2016-04-15 12:04:30
Executed successfully, rows: 1 /////1460736270 = 2016-04-15 12:04:30
About to execute: SELECT * FROM ArticleCategory /////1460736292 = 2016-04-15 12:04:52
Executed successfully, rows: 2 /////1460736292 = 2016-04-15 12:04:52
About to execute: SELECT role FROM Users, PrivilegeRole WHERE Users.roleId = PrivilegeRole.roleId AND Users.username = 'root' /////1460736292 = 2016-04-15 12:04:52
Executed successfully, rows: 1 /////1460736292 = 2016-04-15 12:04:52
About to execute: SELECT articleId, title, summary, content, publicationDate FROM Articles WHERE category = '2' /////1460736293 = 2016-04-15 12:04:53
Executed successfully, rows: 0 /////1460736293 = 2016-04-15 12:04:53
About to execute: SELECT role FROM Users, PrivilegeRole WHERE Users.roleId = PrivilegeRole.roleId AND Users.username = 'root' /////1460736293 = 2016-04-15 12:04:53
Executed successfully, rows: 1 /////1460736293 = 2016-04-15 12:04:53
About to execute: SELECT * FROM ArticleCategory /////1460736294 = 2016-04-15 12:04:54
Executed successfully, rows: 2 /////1460736294 = 2016-04-15 12:04:54
About to execute: SELECT role FROM Users, PrivilegeRole WHERE Users.roleId = PrivilegeRole.roleId AND Users.username = 'root' /////1460736294 = 2016-04-15 12:04:54
Executed successfully, rows: 1 /////1460736294 = 2016-04-15 12:04:54
About to execute: SELECT articleId, title, summary, content, publicationDate FROM Articles WHERE category = '3' /////1460736296 = 2016-04-15 12:04:56
Executed successfully, rows: 4 /////1460736296 = 2016-04-15 12:04:56
About to execute: SELECT role FROM Users, PrivilegeRole WHERE Users.roleId = PrivilegeRole.roleId AND Users.username = 'root' /////1460736296 = 2016-04-15 12:04:56
Executed successfully, rows: 1 /////1460736296 = 2016-04-15 12:04:56
About to execute: SELECT * FROM Articles WHERE articleId = '6' /////1460736298 = 2016-04-15 12:04:58
Executed successfully, rows: 1 /////1460736298 = 2016-04-15 12:04:58
About to execute: SELECT role FROM Users, PrivilegeRole WHERE Users.roleId = PrivilegeRole.roleId AND Users.username = 'root' /////1460736298 = 2016-04-15 12:04:58
Executed successfully, rows: 1 /////1460736298 = 2016-04-15 12:04:58
About to execute: SELECT * FROM ArticleCategory /////1460736299 = 2016-04-15 12:04:59
Executed successfully, rows: 2 /////1460736299 = 2016-04-15 12:04:59
About to execute: SELECT role FROM Users, PrivilegeRole WHERE Users.roleId = PrivilegeRole.roleId AND Users.username = 'root' /////1460736299 = 2016-04-15 12:04:59
Executed successfully, rows: 1 /////1460736299 = 2016-04-15 12:04:59
About to execute: SELECT articleId, title, summary, content, publicationDate FROM Articles WHERE category = '3' /////1460736300 = 2016-04-15 12:05:00
Executed successfully, rows: 4 /////1460736300 = 2016-04-15 12:05:00
About to execute: SELECT role FROM Users, PrivilegeRole WHERE Users.roleId = PrivilegeRole.roleId AND Users.username = 'root' /////1460736300 = 2016-04-15 12:05:00
Executed successfully, rows: 1 /////1460736300 = 2016-04-15 12:05:00
About to execute: SELECT * FROM Articles WHERE articleId = '7' /////1460736302 = 2016-04-15 12:05:02
Executed successfully, rows: 1 /////1460736302 = 2016-04-15 12:05:02
About to execute: SELECT role FROM Users, PrivilegeRole WHERE Users.roleId = PrivilegeRole.roleId AND Users.username = 'root' /////1460736302 = 2016-04-15 12:05:02
Executed successfully, rows: 1 /////1460736302 = 2016-04-15 12:05:02
About to execute: SELECT role FROM Users, PrivilegeRole WHERE Users.roleId = PrivilegeRole.roleId AND Users.username = 'root' /////1460736322 = 2016-04-15 12:05:22
Executed successfully, rows: 1 /////1460736322 = 2016-04-15 12:05:22
About to execute: SELECT role FROM Users, PrivilegeRole WHERE Users.roleId = PrivilegeRole.roleId AND Users.username = 'root' /////1460736384 = 2016-04-15 12:06:24
Executed successfully, rows: 1 /////1460736384 = 2016-04-15 12:06:24
About to execute: SELECT role FROM Users, PrivilegeRole WHERE Users.roleId = PrivilegeRole.roleId AND Users.username = 'root' /////1460736402 = 2016-04-15 12:06:42
Executed successfully, rows: 1 /////1460736402 = 2016-04-15 12:06:42
About to execute: SELECT role FROM Users, PrivilegeRole WHERE Users.roleId = PrivilegeRole.roleId AND Users.username = 'root' /////1460736422 = 2016-04-15 12:07:02
Executed successfully, rows: 1 /////1460736422 = 2016-04-15 12:07:02
About to execute: SELECT role FROM Users, PrivilegeRole WHERE Users.roleId = PrivilegeRole.roleId AND Users.username = 'root' /////1460736429 = 2016-04-15 12:07:09
Executed successfully, rows: 1 /////1460736429 = 2016-04-15 12:07:09
About to execute: SELECT * FROM ArticleCategory /////1460736431 = 2016-04-15 12:07:11
Executed successfully, rows: 2 /////1460736431 = 2016-04-15 12:07:11
About to execute: SELECT role FROM Users, PrivilegeRole WHERE Users.roleId = PrivilegeRole.roleId AND Users.username = 'root' /////1460736431 = 2016-04-15 12:07:11
Executed successfully, rows: 1 /////1460736431 = 2016-04-15 12:07:11
About to execute: SELECT role FROM Users, PrivilegeRole WHERE Users.roleId = PrivilegeRole.roleId AND Users.username = 'root' /////1460736432 = 2016-04-15 12:07:12
Executed successfully, rows: 1 /////1460736432 = 2016-04-15 12:07:12
About to execute: SELECT * FROM ArticleCategory /////1460736437 = 2016-04-15 12:07:17
Executed successfully, rows: 2 /////1460736437 = 2016-04-15 12:07:17
About to execute: SELECT role FROM Users, PrivilegeRole WHERE Users.roleId = PrivilegeRole.roleId AND Users.username = 'root' /////1460736437 = 2016-04-15 12:07:17
Executed successfully, rows: 1 /////1460736437 = 2016-04-15 12:07:17
